<?xml version="1.0" encoding="UTF-8"?>
<!-- Generated by org.testng.reporters.JUnitReportReporter -->
<testsuite hostname="LAPTOP-F1IBA9U1" failures="0" tests="1" name="TestScenarios.googleSearchScenarios" time="4.022" errors="0" timestamp="2024-05-01T19:32:06 IST" skipped="0">
  <testcase classname="TestScenarios.googleSearchScenarios" name="searchOperation" time="4.022"/>
  <system-out/>
</testsuite> <!-- TestScenarios.googleSearchScenarios -->
