<?xml version="1.0" encoding="UTF-8"?>
<!-- Generated by org.testng.reporters.JUnitReportReporter -->
<testsuite hostname="LAPTOP-F1IBA9U1" failures="0" tests="1" name="TestScenarios.SearchTest" time="1.971" errors="0" timestamp="2024-05-04T19:55:36 IST" skipped="0">
  <testcase classname="TestScenarios.SearchTest" name="flipkartSearch" time="1.971"/>
  <system-out/>
</testsuite> <!-- TestScenarios.SearchTest -->
